<?xml version="1.0" encoding="UTF-8"?>
<!-- Generated by org.testng.reporters.JUnitReportReporter -->
<testsuite hostname="Monkey-D-Luffy" failures="0" tests="7" name="upcomingBikes.UpcomingBikesTest" time="17.897" errors="0" timestamp="2023-01-21T20:50:10 IST" skipped="0">
  <testcase classname="upcomingBikes.UpcomingBikesTest" name="viewMoreButton" time="1.115"/>
  <system-out/>
  <testcase classname="upcomingBikes.UpcomingBikesTest" name="displayUpcomingBikes" time="1.668"/>
  <system-out/>
  <testcase classname="upcomingBikes.UpcomingBikesTest" name="upcomingBikesButton" time="4.932"/>
  <system-out/>
  <testcase classname="upcomingBikes.UpcomingBikesTest" name="hoverBoxMenu" time="1.119"/>
  <system-out/>
  <testcase classname="upcomingBikes.UpcomingBikesTest" name="manufacturerDropdown" time="0.457"/>
  <system-out/>
  <testcase classname="upcomingBikes.UpcomingBikesTest" name="selectBrand" time="4.023"/>
  <system-out/>
  <testcase classname="upcomingBikes.UpcomingBikesTest" name="upcomingBikesToHomepage" time="4.583"/>
  <system-out/>
</testsuite> <!-- upcomingBikes.UpcomingBikesTest -->
