<?xml version="1.0" encoding="UTF-8"?>
<!-- Generated by org.testng.reporters.JUnitReportReporter -->
<testsuite hostname="Monkey-D-Luffy" failures="0" tests="4" name="usedCars.UsedCarsTest" time="8.396" errors="0" timestamp="2023-01-21T20:50:10 IST" skipped="0">
  <testcase classname="usedCars.UsedCarsTest" name="hoverTest" time="1.026"/>
  <system-out/>
  <testcase classname="usedCars.UsedCarsTest" name="usedCarsChennaiClick" time="2.826"/>
  <system-out/>
  <testcase classname="usedCars.UsedCarsTest" name="popularCarsDisplayed" time="1.096"/>
  <system-out/>
  <testcase classname="usedCars.UsedCarsTest" name="usedCarsToHomepage" time="3.448"/>
  <system-out/>
</testsuite> <!-- usedCars.UsedCarsTest -->
