<?xml version="1.0" encoding="UTF-8"?>
<!-- Generated by org.testng.reporters.JUnitReportReporter -->
<testsuite hostname="Monkey-D-Luffy" failures="0" tests="1" name="trial.Udemy" time="19.991" errors="0" timestamp="2023-01-21T17:14:11 IST" skipped="0">
  <testcase classname="trial.Udemy" name="Test1" time="19.991"/>
  <system-out/>
</testsuite> <!-- trial.Udemy -->
