<?xml version="1.0" encoding="UTF-8"?>
<!-- Generated by org.testng.reporters.JUnitReportReporter -->
<testsuite hostname="Monkey-D-Luffy" failures="0" tests="11" name="invalidLogin.InvalidLoginTest" time="14.156" errors="0" timestamp="2023-01-21T20:50:10 IST" skipped="0">
  <testcase classname="invalidLogin.InvalidLoginTest" name="invalidEmailOrPhone" time="0.616"/>
  <system-out/>
  <testcase classname="invalidLogin.InvalidLoginTest" name="invalidEmailOrPhone" time="0.594"/>
  <system-out/>
  <testcase classname="invalidLogin.InvalidLoginTest" name="loginButton" time="1.504"/>
  <system-out/>
  <testcase classname="invalidLogin.InvalidLoginTest" name="invalidEmailOrPhone" time="0.701"/>
  <system-out/>
  <testcase classname="invalidLogin.InvalidLoginTest" name="invalidEmailOrPhone" time="0.905"/>
  <system-out/>
  <testcase classname="invalidLogin.InvalidLoginTest" name="emailTextBox" time="0.606"/>
  <system-out/>
  <testcase classname="invalidLogin.InvalidLoginTest" name="passwordTextBox" time="1.957"/>
  <system-out/>
  <testcase classname="invalidLogin.InvalidLoginTest" name="invalidPassword" time="1.000"/>
  <system-out/>
  <testcase classname="invalidLogin.InvalidLoginTest" name="validEmail" time="0.471"/>
  <system-out/>
  <testcase classname="invalidLogin.InvalidLoginTest" name="continueWithGoogle" time="5.069"/>
  <system-out/>
  <testcase classname="invalidLogin.InvalidLoginTest" name="invalidEmailOrPhone" time="0.733"/>
  <system-out/>
</testsuite> <!-- invalidLogin.InvalidLoginTest -->
